<?xml version="1.0" encoding="UTF-8"?>
<testng-results ignored="0" total="2" passed="1" failed="1" skipped="0">
  <reporter-output>
  </reporter-output>
  <suite started-at="2024-10-07T07:01:30 IST" name="Suite1" finished-at="2024-10-07T07:02:21 IST" duration-ms="50573">
    <groups>
    </groups>
    <test started-at="2024-10-07T07:01:30 IST" name="Smoke" finished-at="2024-10-07T07:02:21 IST" duration-ms="50573">
      <class name="com.orangehrmlive.demo.test.LoginTest">
        <test-method is-config="true" signature="beforeTestMethod()[pri:0, instance:com.orangehrmlive.demo.test.LoginTest@c267ef4]" started-at="2024-10-07T07:01:30 IST" name="beforeTestMethod" finished-at="2024-10-07T07:01:39 IST" duration-ms="9034" status="PASS">
          <reporter-output>
          </reporter-output>
        </test-method> <!-- beforeTestMethod -->
        <test-method signature="testLogInPositive()[pri:0, instance:com.orangehrmlive.demo.test.LoginTest@c267ef4]" started-at="2024-10-07T07:01:39 IST" name="testLogInPositive" finished-at="2024-10-07T07:01:41 IST" duration-ms="1971" status="PASS">
          <reporter-output>
          </reporter-output>
        </test-method> <!-- testLogInPositive -->
        <test-method is-config="true" signature="afterTestMethod()[pri:0, instance:com.orangehrmlive.demo.test.LoginTest@c267ef4]" started-at="2024-10-07T07:01:41 IST" name="afterTestMethod" finished-at="2024-10-07T07:01:42 IST" duration-ms="741" status="PASS">
          <reporter-output>
          </reporter-output>
        </test-method> <!-- afterTestMethod -->
        <test-method is-config="true" signature="beforeTestMethod()[pri:0, instance:com.orangehrmlive.demo.test.LoginTest@c267ef4]" started-at="2024-10-07T07:01:42 IST" name="beforeTestMethod" finished-at="2024-10-07T07:01:49 IST" duration-ms="6865" status="PASS">
          <reporter-output>
          </reporter-output>
        </test-method> <!-- beforeTestMethod -->
        <test-method signature="testLogInNeg()[pri:1, instance:com.orangehrmlive.demo.test.LoginTest@c267ef4]" started-at="2024-10-07T07:01:49 IST" name="testLogInNeg" finished-at="2024-10-07T07:02:20 IST" duration-ms="31352" status="FAIL">
          <exception class="org.openqa.selenium.NoSuchElementException">
            <message>
              <![CDATA[no such element: Unable to locate element: {"method":"css selector","selector":"*[name='username']"}
  (Session info: chrome=129.0.6668.90)
For documentation on this error, please visit: https://www.selenium.dev/documentation/webdriver/troubleshooting/errors#no-such-element-exception
Build info: version: '4.20.0', revision: '866c76ca80'
System info: os.name: 'Windows 11', os.arch: 'amd64', os.version: '10.0', java.version: '17.0.11'
Driver info: org.openqa.selenium.chrome.ChromeDriver
Command: [d158e28261b601457fb3299af9544b83, findElement {value=username, using=name}]
Capabilities {acceptInsecureCerts: false, browserName: chrome, browserVersion: 129.0.6668.90, chrome: {chromedriverVersion: 129.0.6668.89 (951c0b97221f..., userDataDir: C:\Users\user\AppData\Local...}, fedcm:accounts: true, goog:chromeOptions: {debuggerAddress: localhost:50379}, networkConnectionEnabled: false, pageLoadStrategy: normal, platformName: windows, proxy: Proxy(), se:cdp: ws://localhost:50379/devtoo..., se:cdpVersion: 129.0.6668.90, setWindowRect: true, strictFileInteractability: false, timeouts: {implicit: 0, pageLoad: 300000, script: 30000}, unhandledPromptBehavior: dismiss and notify, webauthn:extension:credBlob: true, webauthn:extension:largeBlob: true, webauthn:extension:minPinLength: true, webauthn:extension:prf: true, webauthn:virtualAuthenticators: true}
Session ID: d158e28261b601457fb3299af9544b83]]>
            </message>
            <full-stacktrace>
              <![CDATA[org.openqa.selenium.NoSuchElementException: no such element: Unable to locate element: {"method":"css selector","selector":"*[name='username']"}
  (Session info: chrome=129.0.6668.90)
For documentation on this error, please visit: https://www.selenium.dev/documentation/webdriver/troubleshooting/errors#no-such-element-exception
Build info: version: '4.20.0', revision: '866c76ca80'
System info: os.name: 'Windows 11', os.arch: 'amd64', os.version: '10.0', java.version: '17.0.11'
Driver info: org.openqa.selenium.chrome.ChromeDriver
Command: [d158e28261b601457fb3299af9544b83, findElement {value=username, using=name}]
Capabilities {acceptInsecureCerts: false, browserName: chrome, browserVersion: 129.0.6668.90, chrome: {chromedriverVersion: 129.0.6668.89 (951c0b97221f..., userDataDir: C:\Users\user\AppData\Local...}, fedcm:accounts: true, goog:chromeOptions: {debuggerAddress: localhost:50379}, networkConnectionEnabled: false, pageLoadStrategy: normal, platformName: windows, proxy: Proxy(), se:cdp: ws://localhost:50379/devtoo..., se:cdpVersion: 129.0.6668.90, setWindowRect: true, strictFileInteractability: false, timeouts: {implicit: 0, pageLoad: 300000, script: 30000}, unhandledPromptBehavior: dismiss and notify, webauthn:extension:credBlob: true, webauthn:extension:largeBlob: true, webauthn:extension:minPinLength: true, webauthn:extension:prf: true, webauthn:virtualAuthenticators: true}
Session ID: d158e28261b601457fb3299af9544b83
at java.base/jdk.internal.reflect.NativeConstructorAccessorImpl.newInstance0(Native Method)
at java.base/jdk.internal.reflect.NativeConstructorAccessorImpl.newInstance(NativeConstructorAccessorImpl.java:77)
at java.base/jdk.internal.reflect.DelegatingConstructorAccessorImpl.newInstance(DelegatingConstructorAccessorImpl.java:45)
at java.base/java.lang.reflect.Constructor.newInstanceWithCaller(Constructor.java:499)
at java.base/java.lang.reflect.Constructor.newInstance(Constructor.java:480)
at org.openqa.selenium.remote.ErrorCodec.decode(ErrorCodec.java:167)
at org.openqa.selenium.remote.codec.w3c.W3CHttpResponseCodec.decode(W3CHttpResponseCodec.java:138)
at org.openqa.selenium.remote.codec.w3c.W3CHttpResponseCodec.decode(W3CHttpResponseCodec.java:50)
at org.openqa.selenium.remote.HttpCommandExecutor.execute(HttpCommandExecutor.java:190)
at org.openqa.selenium.remote.service.DriverCommandExecutor.invokeExecute(DriverCommandExecutor.java:216)
at org.openqa.selenium.remote.service.DriverCommandExecutor.execute(DriverCommandExecutor.java:174)
at org.openqa.selenium.remote.RemoteWebDriver.execute(RemoteWebDriver.java:518)
at org.openqa.selenium.remote.ElementLocation$ElementFinder$2.findElement(ElementLocation.java:165)
at org.openqa.selenium.remote.ElementLocation.findElement(ElementLocation.java:59)
at org.openqa.selenium.remote.RemoteWebDriver.findElement(RemoteWebDriver.java:355)
at org.openqa.selenium.remote.RemoteWebDriver.findElement(RemoteWebDriver.java:349)
at com.orangehrmlive.demo.test.BaseTest.login(BaseTest.java:35)
at com.orangehrmlive.demo.test.LoginTest.testLogInNeg(LoginTest.java:22)
at java.base/jdk.internal.reflect.NativeMethodAccessorImpl.invoke0(Native Method)
at java.base/jdk.internal.reflect.NativeMethodAccessorImpl.invoke(NativeMethodAccessorImpl.java:77)
at java.base/jdk.internal.reflect.DelegatingMethodAccessorImpl.invoke(DelegatingMethodAccessorImpl.java:43)
at java.base/java.lang.reflect.Method.invoke(Method.java:568)
at org.testng.internal.invokers.MethodInvocationHelper.invokeMethod(MethodInvocationHelper.java:139)
at org.testng.internal.invokers.TestInvoker.invokeMethod(TestInvoker.java:677)
at org.testng.internal.invokers.TestInvoker.invokeTestMethod(TestInvoker.java:221)
at org.testng.internal.invokers.MethodRunner.runInSequence(MethodRunner.java:50)
at org.testng.internal.invokers.TestInvoker$MethodInvocationAgent.invoke(TestInvoker.java:969)
at org.testng.internal.invokers.TestInvoker.invokeTestMethods(TestInvoker.java:194)
at org.testng.internal.invokers.TestMethodWorker.invokeTestMethods(TestMethodWorker.java:148)
at org.testng.internal.invokers.TestMethodWorker.run(TestMethodWorker.java:128)
at java.base/java.util.ArrayList.forEach(ArrayList.java:1511)
at org.testng.TestRunner.privateRun(TestRunner.java:829)
at org.testng.TestRunner.run(TestRunner.java:602)
at org.testng.SuiteRunner.runTest(SuiteRunner.java:437)
at org.testng.SuiteRunner.runSequentially(SuiteRunner.java:431)
at org.testng.SuiteRunner.privateRun(SuiteRunner.java:391)
at org.testng.SuiteRunner.run(SuiteRunner.java:330)
at org.testng.SuiteRunnerWorker.runSuite(SuiteRunnerWorker.java:52)
at org.testng.SuiteRunnerWorker.run(SuiteRunnerWorker.java:95)
at org.testng.TestNG.runSuitesSequentially(TestNG.java:1256)
at org.testng.TestNG.runSuitesLocally(TestNG.java:1176)
at org.testng.TestNG.runSuites(TestNG.java:1099)
at org.testng.TestNG.run(TestNG.java:1067)
at org.apache.maven.surefire.testng.TestNGExecutor.run(TestNGExecutor.java:308)
at org.apache.maven.surefire.testng.TestNGXmlTestSuite.execute(TestNGXmlTestSuite.java:71)
at org.apache.maven.surefire.testng.TestNGProvider.invoke(TestNGProvider.java:113)
at org.apache.maven.surefire.booter.ForkedBooter.runSuitesInProcess(ForkedBooter.java:385)
at org.apache.maven.surefire.booter.ForkedBooter.execute(ForkedBooter.java:162)
at org.apache.maven.surefire.booter.ForkedBooter.run(ForkedBooter.java:507)
at org.apache.maven.surefire.booter.ForkedBooter.main(ForkedBooter.java:495)
]]>
            </full-stacktrace>
          </exception> <!-- org.openqa.selenium.NoSuchElementException -->
          <reporter-output>
          </reporter-output>
        </test-method> <!-- testLogInNeg -->
        <test-method is-config="true" signature="afterTestMethod()[pri:0, instance:com.orangehrmlive.demo.test.LoginTest@c267ef4]" started-at="2024-10-07T07:02:20 IST" name="afterTestMethod" finished-at="2024-10-07T07:02:21 IST" duration-ms="515" status="PASS">
          <reporter-output>
          </reporter-output>
        </test-method> <!-- afterTestMethod -->
      </class> <!-- com.orangehrmlive.demo.test.LoginTest -->
    </test> <!-- Smoke -->
  </suite> <!-- Suite1 -->
</testng-results>
